C:\Users\Mathieu\Documents\Visual Studio 2010\Projects\OpenCVDefault\OpenCVDefault\x64\Debug\cl.command.1.tlog
C:\Users\Mathieu\Documents\Visual Studio 2010\Projects\OpenCVDefault\OpenCVDefault\x64\Debug\CL.read.1.tlog
C:\Users\Mathieu\Documents\Visual Studio 2010\Projects\OpenCVDefault\OpenCVDefault\x64\Debug\CL.write.1.tlog
C:\Users\Mathieu\Documents\Visual Studio 2010\Projects\OpenCVDefault\OpenCVDefault\x64\Debug\Kernel.cu.cache
C:\Users\Mathieu\Documents\Visual Studio 2010\Projects\OpenCVDefault\OpenCVDefault\x64\Debug\Kernel.cu.obj
C:\Users\Mathieu\Documents\Visual Studio 2010\Projects\OpenCVDefault\OpenCVDefault\x64\Debug\link.1364.read.1.tlog
C:\Users\Mathieu\Documents\Visual Studio 2010\Projects\OpenCVDefault\OpenCVDefault\x64\Debug\link.1364.write.1.tlog
C:\Users\Mathieu\Documents\Visual Studio 2010\Projects\OpenCVDefault\OpenCVDefault\x64\Debug\link.1364-cvtres.read.1.tlog
C:\Users\Mathieu\Documents\Visual Studio 2010\Projects\OpenCVDefault\OpenCVDefault\x64\Debug\link.1364-cvtres.write.1.tlog
C:\Users\Mathieu\Documents\Visual Studio 2010\Projects\OpenCVDefault\OpenCVDefault\x64\Debug\link.3756.read.1.tlog
C:\Users\Mathieu\Documents\Visual Studio 2010\Projects\OpenCVDefault\OpenCVDefault\x64\Debug\link.3756.write.1.tlog
C:\Users\Mathieu\Documents\Visual Studio 2010\Projects\OpenCVDefault\OpenCVDefault\x64\Debug\link.3756-cvtres.read.1.tlog
C:\Users\Mathieu\Documents\Visual Studio 2010\Projects\OpenCVDefault\OpenCVDefault\x64\Debug\link.3756-cvtres.write.1.tlog
C:\Users\Mathieu\Documents\Visual Studio 2010\Projects\OpenCVDefault\OpenCVDefault\x64\Debug\link.5144.read.1.tlog
C:\Users\Mathieu\Documents\Visual Studio 2010\Projects\OpenCVDefault\OpenCVDefault\x64\Debug\link.5144.write.1.tlog
C:\Users\Mathieu\Documents\Visual Studio 2010\Projects\OpenCVDefault\OpenCVDefault\x64\Debug\link.5144-cvtres.read.1.tlog
C:\Users\Mathieu\Documents\Visual Studio 2010\Projects\OpenCVDefault\OpenCVDefault\x64\Debug\link.5144-cvtres.write.1.tlog
C:\Users\Mathieu\Documents\Visual Studio 2010\Projects\OpenCVDefault\OpenCVDefault\x64\Debug\link.7908.read.1.tlog
C:\Users\Mathieu\Documents\Visual Studio 2010\Projects\OpenCVDefault\OpenCVDefault\x64\Debug\link.7908.write.1.tlog
C:\Users\Mathieu\Documents\Visual Studio 2010\Projects\OpenCVDefault\OpenCVDefault\x64\Debug\link.7908-cvtres.read.1.tlog
C:\Users\Mathieu\Documents\Visual Studio 2010\Projects\OpenCVDefault\OpenCVDefault\x64\Debug\link.7908-cvtres.write.1.tlog
C:\Users\Mathieu\Documents\Visual Studio 2010\Projects\OpenCVDefault\OpenCVDefault\x64\Debug\link.8908.read.1.tlog
C:\Users\Mathieu\Documents\Visual Studio 2010\Projects\OpenCVDefault\OpenCVDefault\x64\Debug\link.8908.write.1.tlog
C:\Users\Mathieu\Documents\Visual Studio 2010\Projects\OpenCVDefault\OpenCVDefault\x64\Debug\link.8908-cvtres.read.1.tlog
C:\Users\Mathieu\Documents\Visual Studio 2010\Projects\OpenCVDefault\OpenCVDefault\x64\Debug\link.8908-cvtres.write.1.tlog
C:\Users\Mathieu\Documents\Visual Studio 2010\Projects\OpenCVDefault\OpenCVDefault\x64\Debug\link.command.1.tlog
C:\Users\Mathieu\Documents\Visual Studio 2010\Projects\OpenCVDefault\OpenCVDefault\x64\Debug\link.read.1.tlog
C:\Users\Mathieu\Documents\Visual Studio 2010\Projects\OpenCVDefault\OpenCVDefault\x64\Debug\link.write.1.tlog
C:\Users\Mathieu\Documents\Visual Studio 2010\Projects\OpenCVDefault\OpenCVDefault\x64\Debug\link-cvtres.read.1.tlog
C:\Users\Mathieu\Documents\Visual Studio 2010\Projects\OpenCVDefault\OpenCVDefault\x64\Debug\link-cvtres.write.1.tlog
C:\Users\Mathieu\Documents\Visual Studio 2010\Projects\OpenCVDefault\OpenCVDefault\x64\Debug\mt.command.1.tlog
C:\Users\Mathieu\Documents\Visual Studio 2010\Projects\OpenCVDefault\OpenCVDefault\x64\Debug\mt.read.1.tlog
C:\Users\Mathieu\Documents\Visual Studio 2010\Projects\OpenCVDefault\OpenCVDefault\x64\Debug\mt.write.1.tlog
C:\Users\Mathieu\Documents\Visual Studio 2010\Projects\OpenCVDefault\OpenCVDefault\x64\Debug\OpenCVDefault.exe.embed.manifest
C:\USERS\MATHIEU\DOCUMENTS\VISUAL STUDIO 2010\PROJECTS\OPENCVDEFAULT\OPENCVDEFAULT\X64\DEBUG\OPENCVDEFAULT.EXE.EMBED.MANIFEST.RES
C:\USERS\MATHIEU\DOCUMENTS\VISUAL STUDIO 2010\PROJECTS\OPENCVDEFAULT\OPENCVDEFAULT\X64\DEBUG\OPENCVDEFAULT.EXE.INTERMEDIATE.MANIFEST
C:\USERS\MATHIEU\DOCUMENTS\VISUAL STUDIO 2010\PROJECTS\OPENCVDEFAULT\OPENCVDEFAULT\X64\DEBUG\OPENCVDEFAULT.OBJ
C:\USERS\MATHIEU\DOCUMENTS\VISUAL STUDIO 2010\PROJECTS\OPENCVDEFAULT\OPENCVDEFAULT\X64\DEBUG\OPENCVDEFAULT.PCH
C:\Users\Mathieu\Documents\Visual Studio 2010\Projects\OpenCVDefault\OpenCVDefault\x64\Debug\OpenCVDefault.vcxprojResolveAssemblyReference.cache
C:\Users\Mathieu\Documents\Visual Studio 2010\Projects\OpenCVDefault\OpenCVDefault\x64\Debug\OpenCVDefault.write.1.tlog
C:\Users\Mathieu\Documents\Visual Studio 2010\Projects\OpenCVDefault\OpenCVDefault\x64\Debug\OpenCVDefault_manifest.rc
C:\Users\Mathieu\Documents\Visual Studio 2010\Projects\OpenCVDefault\OpenCVDefault\x64\Debug\rc.command.1.tlog
C:\Users\Mathieu\Documents\Visual Studio 2010\Projects\OpenCVDefault\OpenCVDefault\x64\Debug\rc.read.1.tlog
C:\Users\Mathieu\Documents\Visual Studio 2010\Projects\OpenCVDefault\OpenCVDefault\x64\Debug\rc.write.1.tlog
C:\USERS\MATHIEU\DOCUMENTS\VISUAL STUDIO 2010\PROJECTS\OPENCVDEFAULT\OPENCVDEFAULT\X64\DEBUG\STDAFX.OBJ
C:\Users\Mathieu\Documents\Visual Studio 2010\Projects\OpenCVDefault\OpenCVDefault\x64\Debug\vc100.idb
C:\USERS\MATHIEU\DOCUMENTS\VISUAL STUDIO 2010\PROJECTS\OPENCVDEFAULT\OPENCVDEFAULT\X64\DEBUG\VC100.PDB
C:\USERS\MATHIEU\DOCUMENTS\VISUAL STUDIO 2010\PROJECTS\OPENCVDEFAULT\X64\DEBUG\OPENCVDEFAULT.EXE
C:\USERS\MATHIEU\DOCUMENTS\VISUAL STUDIO 2010\PROJECTS\OPENCVDEFAULT\X64\DEBUG\OPENCVDEFAULT.PDB
Z:\OPENCVDEFAULT\OPENCVDEFAULT\X64\DEBUG\OPENCVDEFAULT.EXE.EMBED.MANIFEST
Z:\OPENCVDEFAULT\OPENCVDEFAULT\X64\DEBUG\OPENCVDEFAULT.EXE.EMBED.MANIFEST.RES
Z:\OPENCVDEFAULT\OPENCVDEFAULT\X64\DEBUG\OPENCVDEFAULT.EXE.INTERMEDIATE.MANIFEST
Z:\OPENCVDEFAULT\OPENCVDEFAULT\X64\DEBUG\OPENCVDEFAULT.OBJ
Z:\OPENCVDEFAULT\OPENCVDEFAULT\X64\DEBUG\OPENCVDEFAULT.PCH
Z:\OPENCVDEFAULT\OPENCVDEFAULT\X64\DEBUG\STDAFX.OBJ
Z:\OPENCVDEFAULT\OPENCVDEFAULT\X64\DEBUG\VC100.PDB
Z:\OPENCVDEFAULT\X64\DEBUG\OPENCVDEFAULT.EXE
Z:\OPENCVDEFAULT\X64\DEBUG\OPENCVDEFAULT.ILK
Z:\OPENCVDEFAULT\X64\DEBUG\OPENCVDEFAULT.PDB
