C:\USERS\MATHIEU\DOCUMENTS\VISUAL STUDIO 2010\PROJECTS\OPENCVDEFAULT\OPENCVDEFAULT\X64\DEBUG\OPENCVDEFAULT.EXE.INTERMEDIATE.MANIFEST
C:\USERS\MATHIEU\DOCUMENTS\VISUAL STUDIO 2010\PROJECTS\OPENCVDEFAULT\OPENCVDEFAULT\X64\DEBUG\OPENCVDEFAULT.OBJ
C:\USERS\MATHIEU\DOCUMENTS\VISUAL STUDIO 2010\PROJECTS\OPENCVDEFAULT\OPENCVDEFAULT\X64\DEBUG\OPENCVDEFAULT.PCH
C:\USERS\MATHIEU\DOCUMENTS\VISUAL STUDIO 2010\PROJECTS\OPENCVDEFAULT\OPENCVDEFAULT\X64\DEBUG\STDAFX.OBJ
C:\USERS\MATHIEU\DOCUMENTS\VISUAL STUDIO 2010\PROJECTS\OPENCVDEFAULT\OPENCVDEFAULT\X64\DEBUG\VC100.PDB
C:\USERS\MATHIEU\DOCUMENTS\VISUAL STUDIO 2010\PROJECTS\OPENCVDEFAULT\X64\DEBUG\OPENCVDEFAULT.EXE
C:\USERS\MATHIEU\DOCUMENTS\VISUAL STUDIO 2010\PROJECTS\OPENCVDEFAULT\X64\DEBUG\OPENCVDEFAULT.PDB
C:\Users\Mathieu\Documents\Visual Studio 2010\Projects\OpenCVWebCam\OpenCVDefault\x64\Debug\cl.command.1.tlog
C:\Users\Mathieu\Documents\Visual Studio 2010\Projects\OpenCVWebCam\OpenCVDefault\x64\Debug\CL.read.1.tlog
C:\Users\Mathieu\Documents\Visual Studio 2010\Projects\OpenCVWebCam\OpenCVDefault\x64\Debug\CL.write.1.tlog
C:\Users\Mathieu\Documents\Visual Studio 2010\Projects\OpenCVWebCam\OpenCVDefault\x64\Debug\Kernel.cu.cache
C:\Users\Mathieu\Documents\Visual Studio 2010\Projects\OpenCVWebCam\OpenCVDefault\x64\Debug\Kernel.cu.obj
C:\Users\Mathieu\Documents\Visual Studio 2010\Projects\OpenCVWebCam\OpenCVDefault\x64\Debug\link.command.1.tlog
C:\Users\Mathieu\Documents\Visual Studio 2010\Projects\OpenCVWebCam\OpenCVDefault\x64\Debug\link.read.1.tlog
C:\Users\Mathieu\Documents\Visual Studio 2010\Projects\OpenCVWebCam\OpenCVDefault\x64\Debug\link.write.1.tlog
C:\Users\Mathieu\Documents\Visual Studio 2010\Projects\OpenCVWebCam\OpenCVDefault\x64\Debug\mt.command.1.tlog
C:\Users\Mathieu\Documents\Visual Studio 2010\Projects\OpenCVWebCam\OpenCVDefault\x64\Debug\mt.read.1.tlog
C:\Users\Mathieu\Documents\Visual Studio 2010\Projects\OpenCVWebCam\OpenCVDefault\x64\Debug\mt.write.1.tlog
C:\Users\Mathieu\Documents\Visual Studio 2010\Projects\OpenCVWebCam\OpenCVDefault\x64\Debug\OpenCVDefault.exe.intermediate.manifest
C:\USERS\MATHIEU\DOCUMENTS\VISUAL STUDIO 2010\PROJECTS\OPENCVWEBCAM\OPENCVDEFAULT\X64\DEBUG\OPENCVDEFAULT.OBJ
C:\USERS\MATHIEU\DOCUMENTS\VISUAL STUDIO 2010\PROJECTS\OPENCVWEBCAM\OPENCVDEFAULT\X64\DEBUG\OPENCVDEFAULT.PCH
C:\Users\Mathieu\Documents\Visual Studio 2010\Projects\OpenCVWebCam\OpenCVDefault\x64\Debug\OpenCVDefault.vcxprojResolveAssemblyReference.cache
C:\Users\Mathieu\Documents\Visual Studio 2010\Projects\OpenCVWebCam\OpenCVDefault\x64\Debug\OpenCVDefault.write.1.tlog
C:\USERS\MATHIEU\DOCUMENTS\VISUAL STUDIO 2010\PROJECTS\OPENCVWEBCAM\OPENCVDEFAULT\X64\DEBUG\OPENCVWEBCAM.EXE.INTERMEDIATE.MANIFEST
C:\USERS\MATHIEU\DOCUMENTS\VISUAL STUDIO 2010\PROJECTS\OPENCVWEBCAM\OPENCVDEFAULT\X64\DEBUG\OPENCVWEBCAM.OBJ
C:\USERS\MATHIEU\DOCUMENTS\VISUAL STUDIO 2010\PROJECTS\OPENCVWEBCAM\OPENCVDEFAULT\X64\DEBUG\OPENCVWEBCAM.PCH
C:\Users\Mathieu\Documents\Visual Studio 2010\Projects\OpenCVWebCam\OpenCVDefault\x64\Debug\OpenCVWebCam.write.1.tlog
C:\USERS\MATHIEU\DOCUMENTS\VISUAL STUDIO 2010\PROJECTS\OPENCVWEBCAM\OPENCVDEFAULT\X64\DEBUG\STDAFX.OBJ
C:\Users\Mathieu\Documents\Visual Studio 2010\Projects\OpenCVWebCam\OpenCVDefault\x64\Debug\vc100.idb
C:\USERS\MATHIEU\DOCUMENTS\VISUAL STUDIO 2010\PROJECTS\OPENCVWEBCAM\OPENCVDEFAULT\X64\DEBUG\VC100.PDB
C:\USERS\MATHIEU\DOCUMENTS\VISUAL STUDIO 2010\PROJECTS\OPENCVWEBCAM\X64\DEBUG\OPENCVDEFAULT.EXE
C:\USERS\MATHIEU\DOCUMENTS\VISUAL STUDIO 2010\PROJECTS\OPENCVWEBCAM\X64\DEBUG\OPENCVWEBCAM.EXE
C:\USERS\MATHIEU\DOCUMENTS\VISUAL STUDIO 2010\PROJECTS\OPENCVWEBCAM\X64\DEBUG\OPENCVWEBCAM.PDB
