Z:\OpenCVDefault\Debug\OpenCVDefault.pdb
Z:\OpenCVDefault\OpenCVDefault\Debug\cl.command.1.tlog
Z:\OpenCVDefault\OpenCVDefault\Debug\CL.read.1.tlog
Z:\OpenCVDefault\OpenCVDefault\Debug\CL.write.1.tlog
Z:\OpenCVDefault\OpenCVDefault\Debug\Kernel.cu.cache
Z:\OpenCVDefault\OpenCVDefault\Debug\Kernel.cu.obj
Z:\OpenCVDefault\OpenCVDefault\Debug\link.3780.read.1.tlog
Z:\OpenCVDefault\OpenCVDefault\Debug\link.3780.write.1.tlog
Z:\OpenCVDefault\OpenCVDefault\Debug\link.3780-cvtres.read.1.tlog
Z:\OpenCVDefault\OpenCVDefault\Debug\link.3780-cvtres.write.1.tlog
Z:\OpenCVDefault\OpenCVDefault\Debug\link.6236.read.1.tlog
Z:\OpenCVDefault\OpenCVDefault\Debug\link.6236.write.1.tlog
Z:\OpenCVDefault\OpenCVDefault\Debug\link.6236-cvtres.read.1.tlog
Z:\OpenCVDefault\OpenCVDefault\Debug\link.6236-cvtres.write.1.tlog
Z:\OpenCVDefault\OpenCVDefault\Debug\link.7980.read.1.tlog
Z:\OpenCVDefault\OpenCVDefault\Debug\link.7980.write.1.tlog
Z:\OpenCVDefault\OpenCVDefault\Debug\link.7980-cvtres.read.1.tlog
Z:\OpenCVDefault\OpenCVDefault\Debug\link.7980-cvtres.write.1.tlog
Z:\OpenCVDefault\OpenCVDefault\Debug\link.command.1.tlog
Z:\OpenCVDefault\OpenCVDefault\Debug\link.read.1.tlog
Z:\OpenCVDefault\OpenCVDefault\Debug\link.write.1.tlog
Z:\OpenCVDefault\OpenCVDefault\Debug\link-cvtres.read.1.tlog
Z:\OpenCVDefault\OpenCVDefault\Debug\link-cvtres.write.1.tlog
Z:\OpenCVDefault\OpenCVDefault\Debug\mt.command.1.tlog
Z:\OpenCVDefault\OpenCVDefault\Debug\mt.read.1.tlog
Z:\OpenCVDefault\OpenCVDefault\Debug\mt.write.1.tlog
Z:\OPENCVDEFAULT\OPENCVDEFAULT\DEBUG\OPENCVDEFAULT.EXE.EMBED.MANIFEST
Z:\OPENCVDEFAULT\OPENCVDEFAULT\DEBUG\OPENCVDEFAULT.EXE.EMBED.MANIFEST.RES
Z:\OpenCVDefault\OpenCVDefault\Debug\OpenCVDefault.exe.intermediate.manifest
Z:\OPENCVDEFAULT\OPENCVDEFAULT\DEBUG\OPENCVDEFAULT.OBJ
Z:\OPENCVDEFAULT\OPENCVDEFAULT\DEBUG\OPENCVDEFAULT.PCH
Z:\OpenCVDefault\OpenCVDefault\Debug\OpenCVDefault.vcxprojResolveAssemblyReference.cache
Z:\OpenCVDefault\OpenCVDefault\Debug\OpenCVDefault.write.1.tlog
Z:\OpenCVDefault\OpenCVDefault\Debug\OpenCVDefault_manifest.rc
Z:\OpenCVDefault\OpenCVDefault\Debug\rc.command.1.tlog
Z:\OpenCVDefault\OpenCVDefault\Debug\rc.read.1.tlog
Z:\OpenCVDefault\OpenCVDefault\Debug\rc.write.1.tlog
Z:\OPENCVDEFAULT\OPENCVDEFAULT\DEBUG\STDAFX.OBJ
Z:\OpenCVDefault\OpenCVDefault\Debug\vc100.idb
Z:\OPENCVDEFAULT\OPENCVDEFAULT\DEBUG\VC100.PDB
